-------------------------------------------------------------------------------
Test set: myTestrunner.MyTestRunner
-------------------------------------------------------------------------------
Tests run: 1, Failures: 1, Errors: 0, Skipped: 0, Time elapsed: 31.808 s <<< FAILURE! - in myTestrunner.MyTestRunner
null on myTestrunner.MyTestRunner(myTestrunner.MyTestRunner)  Time elapsed: 31.672 s  <<< FAILURE!
java.lang.RuntimeException: java.net.UnknownHostException: messages.cucumber.io
Caused by: java.net.UnknownHostException: messages.cucumber.io
Caused by: java.net.UnknownHostException: messages.cucumber.io

